mode: set
esep/grade-calculator/grade_calculator.go:21.37,23.2 1 1
esep/grade-calculator/grade_calculator.go:31.44,35.2 1 1
esep/grade-calculator/grade_calculator.go:37.51,40.26 2 1
esep/grade-calculator/grade_calculator.go:40.26,42.3 1 1
esep/grade-calculator/grade_calculator.go:42.8,42.33 1 1
esep/grade-calculator/grade_calculator.go:42.33,44.3 1 1
esep/grade-calculator/grade_calculator.go:44.8,44.33 1 1
esep/grade-calculator/grade_calculator.go:44.33,46.3 1 1
esep/grade-calculator/grade_calculator.go:46.8,46.33 1 1
esep/grade-calculator/grade_calculator.go:46.33,48.3 1 1
esep/grade-calculator/grade_calculator.go:50.2,50.12 1 1
esep/grade-calculator/grade_calculator.go:52.53,55.26 2 1
esep/grade-calculator/grade_calculator.go:55.26,57.3 1 1
esep/grade-calculator/grade_calculator.go:58.2,58.12 1 1
esep/grade-calculator/grade_calculator.go:61.82,67.2 1 1
esep/grade-calculator/grade_calculator.go:69.58,76.2 2 1
esep/grade-calculator/grade_calculator.go:78.49,86.29 7 1
esep/grade-calculator/grade_calculator.go:86.29,88.19 1 1
esep/grade-calculator/grade_calculator.go:89.19,91.25 2 1
esep/grade-calculator/grade_calculator.go:92.13,94.19 2 1
esep/grade-calculator/grade_calculator.go:95.14,97.20 2 1
esep/grade-calculator/grade_calculator.go:102.2,105.35 1 1
