mode: set
esep/grade-calculator/grade_calculator.go:21.37,23.2 1 1
esep/grade-calculator/grade_calculator.go:31.44,35.2 1 1
esep/grade-calculator/grade_calculator.go:37.51,40.26 2 1
esep/grade-calculator/grade_calculator.go:40.26,42.3 1 1
esep/grade-calculator/grade_calculator.go:42.8,42.33 1 1
esep/grade-calculator/grade_calculator.go:42.33,44.3 1 1
esep/grade-calculator/grade_calculator.go:44.8,44.33 1 1
esep/grade-calculator/grade_calculator.go:44.33,46.3 1 1
esep/grade-calculator/grade_calculator.go:46.8,46.33 1 1
esep/grade-calculator/grade_calculator.go:46.33,48.3 1 1
esep/grade-calculator/grade_calculator.go:50.2,50.12 1 1
esep/grade-calculator/grade_calculator.go:53.82,59.2 1 1
esep/grade-calculator/grade_calculator.go:61.58,68.2 2 1
esep/grade-calculator/grade_calculator.go:70.49,78.29 7 1
esep/grade-calculator/grade_calculator.go:78.29,80.19 1 1
esep/grade-calculator/grade_calculator.go:81.19,83.25 2 1
esep/grade-calculator/grade_calculator.go:84.13,86.19 2 1
esep/grade-calculator/grade_calculator.go:87.14,89.20 2 1
esep/grade-calculator/grade_calculator.go:94.2,97.35 1 1
